********************
--epoch:1  --time:14  --train_loss:1.3528027296066285  --train_F1:0.020124286489731125
--epoch:1  --validation_loss:1.3815677165985107  --validation_F1:0.0
********************
--epoch:2  --time:30  --train_loss:1.101975417137146  --train_F1:0.0
--epoch:2  --validation_loss:1.3097078800201416  --validation_F1:0.0
********************
--epoch:3  --time:49  --train_loss:0.8632287085056305  --train_F1:0.0
--epoch:3  --validation_loss:0.899996280670166  --validation_F1:0.0
********************
--epoch:4  --time:66  --train_loss:0.7646468877792358  --train_F1:0.0
--epoch:4  --validation_loss:0.8398992419242859  --validation_F1:0.0
********************
--epoch:5  --time:82  --train_loss:0.7497304856777192  --train_F1:0.0
--epoch:5  --validation_loss:0.8099766770998637  --validation_F1:0.0
********************
--epoch:6  --time:98  --train_loss:0.7079716503620148  --train_F1:0.0
--epoch:6  --validation_loss:0.7581440607706705  --validation_F1:0.0
********************
--epoch:7  --time:118  --train_loss:0.6861065745353698  --train_F1:0.11058905691247331
--epoch:7  --validation_loss:0.6946237683296204  --validation_F1:0.5339345048673838
********************
--epoch:8  --time:135  --train_loss:0.6601155400276184  --train_F1:0.7474358251746234
--epoch:8  --validation_loss:0.6851446231206259  --validation_F1:0.8277059011398923
********************
--epoch:9  --time:151  --train_loss:0.6351369202136994  --train_F1:0.8242864485587361
--epoch:9  --validation_loss:0.6451563040415446  --validation_F1:0.8168882320499457
********************
--epoch:10  --time:167  --train_loss:0.5579213529825211  --train_F1:0.8413135854650792
--epoch:10  --validation_loss:0.5352942148844401  --validation_F1:0.8348225632895913
********************
--epoch:11  --time:186  --train_loss:0.44018508195877076  --train_F1:0.8329968175678027
--epoch:11  --validation_loss:0.4457159638404846  --validation_F1:0.8227093500805376
********************
--epoch:12  --time:202  --train_loss:0.33594146072864534  --train_F1:0.8513074460283576
--epoch:12  --validation_loss:0.38990481694539386  --validation_F1:0.8333710288075199
********************
--epoch:13  --time:218  --train_loss:0.3413700461387634  --train_F1:0.8469669283960173
--epoch:13  --validation_loss:0.38192011912663776  --validation_F1:0.8280560378085117
********************
--epoch:14  --time:234  --train_loss:0.31737512946128843  --train_F1:0.8576384686480036
--epoch:14  --validation_loss:0.34303218126296997  --validation_F1:0.8467704685746932
********************
--epoch:15  --time:250  --train_loss:0.306707027554512  --train_F1:0.8624933055718186
--epoch:15  --validation_loss:0.3577815095583598  --validation_F1:0.8463451220224307
********************
--epoch:16  --time:266  --train_loss:0.2865687280893326  --train_F1:0.8717069136063642
--epoch:16  --validation_loss:0.341400682926178  --validation_F1:0.8459103638362707
********************
--epoch:17  --time:284  --train_loss:0.28587694466114044  --train_F1:0.870707808242812
--epoch:17  --validation_loss:0.37338781356811523  --validation_F1:0.8424665985251264
********************
--epoch:18  --time:301  --train_loss:0.2677864968776703  --train_F1:0.8771103130224487
--epoch:18  --validation_loss:0.3660145898660024  --validation_F1:0.8322496938875403
********************
--epoch:19  --time:318  --train_loss:0.26709170937538146  --train_F1:0.8769860578906981
--epoch:19  --validation_loss:0.358745276927948  --validation_F1:0.8316404414054279
********************
--epoch:20  --time:336  --train_loss:0.2433982253074646  --train_F1:0.8892268504023718
--epoch:20  --validation_loss:0.30672966440518695  --validation_F1:0.8695755621496989
********************
--epoch:21  --time:354  --train_loss:0.2598396763205528  --train_F1:0.8813841776966964
--epoch:21  --validation_loss:0.3730878035227458  --validation_F1:0.8236818765705402
********************
--epoch:22  --time:370  --train_loss:0.23916079550981523  --train_F1:0.8919033036215108
--epoch:22  --validation_loss:0.33311229944229126  --validation_F1:0.849357202551314
********************
--epoch:23  --time:386  --train_loss:0.23951763957738875  --train_F1:0.8911046410882115
--epoch:23  --validation_loss:0.3089041809240977  --validation_F1:0.8640798771538343
********************
--epoch:24  --time:402  --train_loss:0.23979652374982835  --train_F1:0.8894893511530334
--epoch:24  --validation_loss:0.3273230344057083  --validation_F1:0.8521122476450542
********************
--epoch:25  --time:417  --train_loss:0.23118139654397965  --train_F1:0.895029736082263
--epoch:25  --validation_loss:0.29927751421928406  --validation_F1:0.8654321499655961
********************
--epoch:26  --time:434  --train_loss:0.2223033994436264  --train_F1:0.897986903651803
--epoch:26  --validation_loss:0.3385218381881714  --validation_F1:0.8528109550161519
********************
--epoch:27  --time:453  --train_loss:0.21977739036083221  --train_F1:0.900093691519448
--epoch:27  --validation_loss:0.3149680197238922  --validation_F1:0.8567614188043787
********************
--epoch:28  --time:470  --train_loss:0.2213735044002533  --train_F1:0.8990459275255736
--epoch:28  --validation_loss:0.35330232481161755  --validation_F1:0.8408534165196926
********************
--epoch:29  --time:485  --train_loss:0.21677162051200866  --train_F1:0.9022375646576517
--epoch:29  --validation_loss:0.33238694071769714  --validation_F1:0.8556816759021281
********************
--epoch:30  --time:502  --train_loss:0.23062690049409867  --train_F1:0.8948244696659229
--epoch:30  --validation_loss:0.289725661277771  --validation_F1:0.8685326682752104
********************
--epoch:31  --time:517  --train_loss:0.21517985463142394  --train_F1:0.9019727125322392
--epoch:31  --validation_loss:0.3216273287932078  --validation_F1:0.862436511054873
********************
--epoch:32  --time:534  --train_loss:0.20428547412157058  --train_F1:0.9074947682405681
--epoch:32  --validation_loss:0.3130410810311635  --validation_F1:0.8637742235958793
********************
--epoch:33  --time:550  --train_loss:0.1974283680319786  --train_F1:0.9105635310866858
--epoch:33  --validation_loss:0.3025464912255605  --validation_F1:0.864174655665396
********************
--epoch:34  --time:567  --train_loss:0.19315301179885863  --train_F1:0.9121429284117623
--epoch:34  --validation_loss:0.304702748854955  --validation_F1:0.8642027948660521
********************
--epoch:35  --time:583  --train_loss:0.20716107338666917  --train_F1:0.9045456827439846
--epoch:35  --validation_loss:0.33103031913439435  --validation_F1:0.8492535452039558
********************
--epoch:36  --time:598  --train_loss:0.1858151838183403  --train_F1:0.9157416738225297
--epoch:36  --validation_loss:0.29466119408607483  --validation_F1:0.877993466770095
********************
--epoch:37  --time:617  --train_loss:0.19192909300327302  --train_F1:0.9123547355427795
--epoch:37  --validation_loss:0.29222504297892254  --validation_F1:0.8701755383064773
********************
--epoch:38  --time:632  --train_loss:0.18906899988651277  --train_F1:0.9133858676093617
--epoch:38  --validation_loss:0.31172675887743634  --validation_F1:0.8690071698272606
********************
--epoch:39  --time:647  --train_loss:0.18603107035160066  --train_F1:0.9147677516051218
--epoch:39  --validation_loss:0.3488816519578298  --validation_F1:0.8387608225157498
********************
--epoch:40  --time:662  --train_loss:0.20689090639352797  --train_F1:0.9055733338421161
--epoch:40  --validation_loss:0.3380007843176524  --validation_F1:0.8506657391915914
********************
--epoch:41  --time:678  --train_loss:0.18157594949007033  --train_F1:0.9177395041862118
--epoch:41  --validation_loss:0.30530764659245807  --validation_F1:0.862703137954048
********************
--epoch:42  --time:695  --train_loss:0.1759445548057556  --train_F1:0.9181105033818989
--epoch:42  --validation_loss:0.2758597731590271  --validation_F1:0.881388217974585
********************
--epoch:43  --time:711  --train_loss:0.17712388336658477  --train_F1:0.9195616583238684
--epoch:43  --validation_loss:0.28796528776486713  --validation_F1:0.8713696619615519
********************
--epoch:44  --time:726  --train_loss:0.15819207280874253  --train_F1:0.927511728619464
--epoch:44  --validation_loss:0.2635720670223236  --validation_F1:0.8841105206742056
********************
--epoch:45  --time:743  --train_loss:0.17192582041025162  --train_F1:0.9200078596302905
--epoch:45  --validation_loss:0.2965778211752574  --validation_F1:0.86477710125498
********************
--epoch:46  --time:758  --train_loss:0.1623793989419937  --train_F1:0.9247644001777653
--epoch:46  --validation_loss:0.31235720713933307  --validation_F1:0.8617639810545125
********************
--epoch:47  --time:773  --train_loss:0.16131683588027954  --train_F1:0.9256268834723356
--epoch:47  --validation_loss:0.277573565642039  --validation_F1:0.8798371944242444
********************
--epoch:48  --time:788  --train_loss:0.1542543038725853  --train_F1:0.9287215118745256
--epoch:48  --validation_loss:0.3018547296524048  --validation_F1:0.8718990218339853
********************
--epoch:49  --time:805  --train_loss:0.14933442026376725  --train_F1:0.9331392539496971
--epoch:49  --validation_loss:0.27646787464618683  --validation_F1:0.8751158966608542
********************
--epoch:50  --time:821  --train_loss:0.14518191367387773  --train_F1:0.9330644680384557
--epoch:50  --validation_loss:0.2881875236829122  --validation_F1:0.8774535588486442
********************
--epoch:51  --time:838  --train_loss:0.15007649064064027  --train_F1:0.9317147103134558
--epoch:51  --validation_loss:0.30911801755428314  --validation_F1:0.8717378119760237
********************
--epoch:52  --time:853  --train_loss:0.15885305777192116  --train_F1:0.9260945179819233
--epoch:52  --validation_loss:0.294772873322169  --validation_F1:0.8677360582304008
********************
--epoch:53  --time:868  --train_loss:0.15305428057909012  --train_F1:0.9290813966551067
--epoch:53  --validation_loss:0.3265414337317149  --validation_F1:0.8553790131735268
********************
--epoch:54  --time:884  --train_loss:0.14718025475740432  --train_F1:0.932317443446113
--epoch:54  --validation_loss:0.2773839881022771  --validation_F1:0.8793764413263171
********************
--epoch:55  --time:899  --train_loss:0.14625267460942268  --train_F1:0.9331913012282721
--epoch:55  --validation_loss:0.2620376298824946  --validation_F1:0.8882801552232641
********************
--epoch:56  --time:915  --train_loss:0.15044140964746475  --train_F1:0.9302100328710227
--epoch:56  --validation_loss:0.29222285747528076  --validation_F1:0.8724889552409306
********************
--epoch:57  --time:930  --train_loss:0.14601797610521317  --train_F1:0.9331086889204749
--epoch:57  --validation_loss:0.2622197965780894  --validation_F1:0.8838890915328061
early stop at57epoch--complete_train_loss:[1.3528027296066285, 1.101975417137146, 0.8632287085056305, 0.7646468877792358, 0.7497304856777192, 0.7079716503620148, 0.6861065745353698, 0.6601155400276184, 0.6351369202136994, 0.5579213529825211, 0.44018508195877076, 0.33594146072864534, 0.3413700461387634, 0.31737512946128843, 0.306707027554512, 0.2865687280893326, 0.28587694466114044, 0.2677864968776703, 0.26709170937538146, 0.2433982253074646, 0.2598396763205528, 0.23916079550981523, 0.23951763957738875, 0.23979652374982835, 0.23118139654397965, 0.2223033994436264, 0.21977739036083221, 0.2213735044002533, 0.21677162051200866, 0.23062690049409867, 0.21517985463142394, 0.20428547412157058, 0.1974283680319786, 0.19315301179885863, 0.20716107338666917, 0.1858151838183403, 0.19192909300327302, 0.18906899988651277, 0.18603107035160066, 0.20689090639352797, 0.18157594949007033, 0.1759445548057556, 0.17712388336658477, 0.15819207280874253, 0.17192582041025162, 0.1623793989419937, 0.16131683588027954, 0.1542543038725853, 0.14933442026376725, 0.14518191367387773, 0.15007649064064027, 0.15885305777192116, 0.15305428057909012, 0.14718025475740432, 0.14625267460942268, 0.15044140964746475, 0.14601797610521317]
--complete_validation_loss:[1.3815677165985107, 1.3097078800201416, 0.899996280670166, 0.8398992419242859, 0.8099766770998637, 0.7581440607706705, 0.6946237683296204, 0.6851446231206259, 0.6451563040415446, 0.5352942148844401, 0.4457159638404846, 0.38990481694539386, 0.38192011912663776, 0.34303218126296997, 0.3577815095583598, 0.341400682926178, 0.37338781356811523, 0.3660145898660024, 0.358745276927948, 0.30672966440518695, 0.3730878035227458, 0.33311229944229126, 0.3089041809240977, 0.3273230344057083, 0.29927751421928406, 0.3385218381881714, 0.3149680197238922, 0.35330232481161755, 0.33238694071769714, 0.289725661277771, 0.3216273287932078, 0.3130410810311635, 0.3025464912255605, 0.304702748854955, 0.33103031913439435, 0.29466119408607483, 0.29222504297892254, 0.31172675887743634, 0.3488816519578298, 0.3380007843176524, 0.30530764659245807, 0.2758597731590271, 0.28796528776486713, 0.2635720670223236, 0.2965778211752574, 0.31235720713933307, 0.277573565642039, 0.3018547296524048, 0.27646787464618683, 0.2881875236829122, 0.30911801755428314, 0.294772873322169, 0.3265414337317149, 0.2773839881022771, 0.2620376298824946, 0.29222285747528076, 0.2622197965780894]
--complete_train_F1_scores:[0.0, 0.0, 0.0, 0.0, 0.0, 0.0, 0.5400774235571906, 0.8302314412123385, 0.8143587360594795, 0.8766768210099057, 0.8213112130085588, 0.7807899574397895, 0.8793077482454895, 0.8375893589464495, 0.8546031978548047, 0.871923837910002, 0.9067031900709254, 0.8537899641963981, 0.8793890135007206, 0.9003239795064126, 0.8416962466656865, 0.8644161069587222, 0.8947883273909112, 0.8593738352590384, 0.9101628252265368, 0.9152672284627976, 0.9089402760994544, 0.9130456296914633, 0.8672683965270214, 0.8885672654346617, 0.8862798149721838, 0.8844895120254787, 0.8965806809287764, 0.9118926302551983, 0.9193104177683765, 0.9278375627811346, 0.9303429575032517, 0.9023517703750262, 0.9221478349911443, 0.8978801675569393, 0.9328190822265814, 0.9136031778141493, 0.9155069419946875, 0.9403005249048187, 0.9018680578578742, 0.9185004092769441, 0.9376257923743957, 0.9285123056493441, 0.9436942241762843, 0.940227906144261, 0.92734660396591, 0.9210966401459484, 0.9424611001258766, 0.9457736621967188, 0.9097985711682498, 0.9437588513185234, 0.9337562415310081]
--complete_validation_F1_scores:[0.0, 0.0, 0.0, 0.0, 0.0, 0.0, 0.5339345048673838, 0.8277059011398923, 0.8168882320499457, 0.8348225632895913, 0.8227093500805376, 0.8333710288075199, 0.8280560378085117, 0.8467704685746932, 0.8463451220224307, 0.8459103638362707, 0.8424665985251264, 0.8322496938875403, 0.8316404414054279, 0.8695755621496989, 0.8236818765705402, 0.849357202551314, 0.8640798771538343, 0.8521122476450542, 0.8654321499655961, 0.8528109550161519, 0.8567614188043787, 0.8408534165196926, 0.8556816759021281, 0.8685326682752104, 0.862436511054873, 0.8637742235958793, 0.864174655665396, 0.8642027948660521, 0.8492535452039558, 0.877993466770095, 0.8701755383064773, 0.8690071698272606, 0.8387608225157498, 0.8506657391915914, 0.862703137954048, 0.881388217974585, 0.8713696619615519, 0.8841105206742056, 0.86477710125498, 0.8617639810545125, 0.8798371944242444, 0.8718990218339853, 0.8751158966608542, 0.8774535588486442, 0.8717378119760237, 0.8677360582304008, 0.8553790131735268, 0.8793764413263171, 0.8882801552232641, 0.8724889552409306, 0.8838890915328061]
